mode: set
github.com/jonny-burkholder/go-test-tutorial/internal/example/example.go:19.48,20.14 1 0
github.com/jonny-burkholder/go-test-tutorial/internal/example/example.go:20.14,22.3 1 0
github.com/jonny-burkholder/go-test-tutorial/internal/example/example.go:23.2,23.9 1 0
github.com/jonny-burkholder/go-test-tutorial/internal/example/example.go:23.9,25.3 1 0
github.com/jonny-burkholder/go-test-tutorial/internal/example/example.go:26.2,26.21 1 0
github.com/jonny-burkholder/go-test-tutorial/internal/example/example.go:29.49,30.8 1 1
github.com/jonny-burkholder/go-test-tutorial/internal/example/example.go:30.8,32.3 1 0
github.com/jonny-burkholder/go-test-tutorial/internal/example/example.go:33.2,33.21 1 1
github.com/jonny-burkholder/go-test-tutorial/internal/example/example.go:36.30,37.17 1 0
github.com/jonny-burkholder/go-test-tutorial/internal/example/example.go:37.17,39.3 1 0
github.com/jonny-burkholder/go-test-tutorial/internal/example/example.go:40.2,40.13 1 0
github.com/jonny-burkholder/go-test-tutorial/internal/example/example.go:43.31,47.45 3 0
github.com/jonny-burkholder/go-test-tutorial/internal/example/example.go:47.45,49.3 1 0
github.com/jonny-burkholder/go-test-tutorial/internal/example/example.go:51.2,51.13 1 0
github.com/jonny-burkholder/go-test-tutorial/internal/example/example.go:55.31,57.17 2 0
github.com/jonny-burkholder/go-test-tutorial/internal/example/example.go:57.17,59.3 1 0
github.com/jonny-burkholder/go-test-tutorial/internal/example/example.go:60.2,60.13 1 0
github.com/jonny-burkholder/go-test-tutorial/internal/example/example.go:19.48,20.14 1 1
github.com/jonny-burkholder/go-test-tutorial/internal/example/example.go:20.14,22.3 1 1
github.com/jonny-burkholder/go-test-tutorial/internal/example/example.go:23.2,23.9 1 1
github.com/jonny-burkholder/go-test-tutorial/internal/example/example.go:23.9,25.3 1 1
github.com/jonny-burkholder/go-test-tutorial/internal/example/example.go:26.2,26.21 1 1
github.com/jonny-burkholder/go-test-tutorial/internal/example/example.go:29.49,30.8 1 0
github.com/jonny-burkholder/go-test-tutorial/internal/example/example.go:30.8,32.3 1 0
github.com/jonny-burkholder/go-test-tutorial/internal/example/example.go:33.2,33.21 1 0
github.com/jonny-burkholder/go-test-tutorial/internal/example/example.go:36.30,37.17 1 1
github.com/jonny-burkholder/go-test-tutorial/internal/example/example.go:37.17,39.3 1 1
github.com/jonny-burkholder/go-test-tutorial/internal/example/example.go:40.2,40.13 1 1
github.com/jonny-burkholder/go-test-tutorial/internal/example/example.go:43.31,47.45 3 0
github.com/jonny-burkholder/go-test-tutorial/internal/example/example.go:47.45,49.3 1 0
github.com/jonny-burkholder/go-test-tutorial/internal/example/example.go:51.2,51.13 1 0
github.com/jonny-burkholder/go-test-tutorial/internal/example/example.go:55.31,57.17 2 0
github.com/jonny-burkholder/go-test-tutorial/internal/example/example.go:57.17,59.3 1 0
github.com/jonny-burkholder/go-test-tutorial/internal/example/example.go:60.2,60.13 1 0
